<?xml version="1.0" encoding="UTF-8"?>
<!-- Generated by org.testng.reporters.JUnitReportReporter -->
<testsuite skipped="0" hostname="DESKTOP-Q9EH2PL" name="com.inetBanking.testCases1.TC_AddCustomerTest_003" tests="1" failures="0" timestamp="28 May 2021 07:40:43 GMT" time="33.060" errors="0">
  <testcase name="addNewCustmrer" time="33.060" classname="com.inetBanking.testCases1.TC_AddCustomerTest_003"/>
</testsuite> <!-- com.inetBanking.testCases1.TC_AddCustomerTest_003 -->
