<?xml version="1.0" encoding="UTF-8"?>
<!-- Generated by org.testng.reporters.JUnitReportReporter -->
<testsuite skipped="0" hostname="DESKTOP-Q9EH2PL" name="com.inetBanking.testCases1.TC_Login_001" tests="1" failures="0" timestamp="23 May 2021 10:44:49 GMT" time="16.382" errors="0">
  <testcase name="loginTest" time="16.382" classname="com.inetBanking.testCases1.TC_Login_001"/>
</testsuite> <!-- com.inetBanking.testCases1.TC_Login_001 -->
